[0.355s] DEBUG:colcon:Command line arguments: ['/usr/bin/colcon', 'build']
[0.355s] DEBUG:colcon:Parsed command line arguments: Namespace(allow_overriding=[], ament_cmake_args=None, base_paths=['.'], build_base='build', catkin_cmake_args=None, catkin_skip_building_tests=False, cmake_args=None, cmake_clean_cache=False, cmake_clean_first=False, cmake_force_configure=False, cmake_target=None, cmake_target_skip_unavailable=False, continue_on_error=False, event_handlers=None, executor='parallel', ignore_user_meta=False, install_base='install', log_base=None, log_level=None, main=<bound method BuildVerb.main of <colcon_core.verb.build.BuildVerb object at 0x7f464acb3400>>, merge_install=False, metas=['./colcon.meta'], packages_above=None, packages_above_and_dependencies=None, packages_above_depth=None, packages_end=None, packages_ignore=None, packages_ignore_regex=None, packages_select=None, packages_select_build_failed=False, packages_select_by_dep=None, packages_select_regex=None, packages_select_test_failures=False, packages_skip=None, packages_skip_build_finished=False, packages_skip_by_dep=None, packages_skip_regex=None, packages_skip_test_passed=False, packages_skip_up_to=None, packages_start=None, packages_up_to=None, packages_up_to_regex=None, parallel_workers=12, paths=None, symlink_install=False, test_result_base=None, verb_extension=<colcon_core.verb.build.BuildVerb object at 0x7f464acb3400>, verb_name='build', verb_parser=<colcon_defaults.argument_parser.defaults.DefaultArgumentsDecorator object at 0x7f464acb3940>)
[0.388s] Level 1:colcon.colcon_core.package_discovery:discover_packages(colcon_meta) check parameters
[0.388s] Level 1:colcon.colcon_core.package_discovery:discover_packages(recursive) check parameters
[0.388s] Level 1:colcon.colcon_core.package_discovery:discover_packages(ignore) check parameters
[0.388s] Level 1:colcon.colcon_core.package_discovery:discover_packages(path) check parameters
[0.388s] Level 1:colcon.colcon_core.package_discovery:discover_packages(colcon_meta) discover
[0.388s] Level 1:colcon.colcon_core.package_discovery:discover_packages(recursive) discover
[0.388s] INFO:colcon.colcon_core.package_discovery:Crawling recursively for packages in '/home/yjt/Lego_factory/ddg_multi_robot_planner'
[0.388s] Level 1:colcon.colcon_core.package_identification:_identify(.) by extensions ['ignore', 'ignore_ament_install']
[0.389s] Level 1:colcon.colcon_core.package_identification:_identify(.) by extension 'ignore'
[0.389s] Level 1:colcon.colcon_core.package_identification:_identify(.) by extension 'ignore_ament_install'
[0.389s] Level 1:colcon.colcon_core.package_identification:_identify(.) by extensions ['colcon_pkg']
[0.389s] Level 1:colcon.colcon_core.package_identification:_identify(.) by extension 'colcon_pkg'
[0.389s] Level 1:colcon.colcon_core.package_identification:_identify(.) by extensions ['colcon_meta']
[0.389s] Level 1:colcon.colcon_core.package_identification:_identify(.) by extension 'colcon_meta'
[0.389s] Level 1:colcon.colcon_core.package_identification:_identify(.) by extensions ['ros']
[0.389s] Level 1:colcon.colcon_core.package_identification:_identify(.) by extension 'ros'
[0.398s] Level 1:colcon.colcon_core.package_identification:_identify(.) by extensions ['cmake', 'python']
[0.398s] Level 1:colcon.colcon_core.package_identification:_identify(.) by extension 'cmake'
[0.398s] Level 1:colcon.colcon_core.package_identification:_identify(.) by extension 'python'
[0.398s] Level 1:colcon.colcon_core.package_identification:_identify(.) by extensions ['python_setup_py']
[0.398s] Level 1:colcon.colcon_core.package_identification:_identify(.) by extension 'python_setup_py'
[0.398s] Level 1:colcon.colcon_core.package_identification:_identify(build) by extensions ['ignore', 'ignore_ament_install']
[0.398s] Level 1:colcon.colcon_core.package_identification:_identify(build) by extension 'ignore'
[0.399s] Level 1:colcon.colcon_core.package_identification:_identify(build) ignored
[0.399s] Level 1:colcon.colcon_core.package_identification:_identify(install) by extensions ['ignore', 'ignore_ament_install']
[0.399s] Level 1:colcon.colcon_core.package_identification:_identify(install) by extension 'ignore'
[0.399s] Level 1:colcon.colcon_core.package_identification:_identify(install) ignored
[0.399s] Level 1:colcon.colcon_core.package_identification:_identify(log) by extensions ['ignore', 'ignore_ament_install']
[0.399s] Level 1:colcon.colcon_core.package_identification:_identify(log) by extension 'ignore'
[0.399s] Level 1:colcon.colcon_core.package_identification:_identify(log) ignored
[0.399s] Level 1:colcon.colcon_core.package_identification:_identify(src) by extensions ['ignore', 'ignore_ament_install']
[0.399s] Level 1:colcon.colcon_core.package_identification:_identify(src) by extension 'ignore'
[0.399s] Level 1:colcon.colcon_core.package_identification:_identify(src) by extension 'ignore_ament_install'
[0.399s] Level 1:colcon.colcon_core.package_identification:_identify(src) by extensions ['colcon_pkg']
[0.399s] Level 1:colcon.colcon_core.package_identification:_identify(src) by extension 'colcon_pkg'
[0.399s] Level 1:colcon.colcon_core.package_identification:_identify(src) by extensions ['colcon_meta']
[0.399s] Level 1:colcon.colcon_core.package_identification:_identify(src) by extension 'colcon_meta'
[0.399s] Level 1:colcon.colcon_core.package_identification:_identify(src) by extensions ['ros']
[0.399s] Level 1:colcon.colcon_core.package_identification:_identify(src) by extension 'ros'
[0.401s] DEBUG:colcon.colcon_core.package_identification:Package 'src' with type 'ros.ament_cmake' and name 'ddg_multi_robot_planner'
[0.401s] Level 1:colcon.colcon_core.package_discovery:discover_packages(recursive) using defaults
[0.401s] Level 1:colcon.colcon_core.package_discovery:discover_packages(ignore) discover
[0.401s] Level 1:colcon.colcon_core.package_discovery:discover_packages(ignore) using defaults
[0.401s] Level 1:colcon.colcon_core.package_discovery:discover_packages(path) discover
[0.401s] Level 1:colcon.colcon_core.package_discovery:discover_packages(path) using defaults
[0.422s] Level 1:colcon.colcon_core.package_discovery:discover_packages(prefix_path) check parameters
[0.422s] Level 1:colcon.colcon_core.package_discovery:discover_packages(prefix_path) discover
[0.425s] DEBUG:colcon.colcon_installed_package_information.package_discovery:Found 1 installed packages in /home/yjt/Lego_factory/ddg_multi_robot_srvs/install
[0.428s] DEBUG:colcon.colcon_installed_package_information.package_discovery:Found 298 installed packages in /opt/ros/foxy
[0.430s] DEBUG:colcon.colcon_installed_package_information.package_discovery:Found 1 installed packages in /opt/ros/noetic
[0.430s] Level 1:colcon.colcon_core.package_discovery:discover_packages(prefix_path) using defaults
[0.492s] Level 5:colcon.colcon_core.verb:set package 'ddg_multi_robot_planner' build argument 'cmake_args' from command line to 'None'
[0.492s] Level 5:colcon.colcon_core.verb:set package 'ddg_multi_robot_planner' build argument 'cmake_target' from command line to 'None'
[0.492s] Level 5:colcon.colcon_core.verb:set package 'ddg_multi_robot_planner' build argument 'cmake_target_skip_unavailable' from command line to 'False'
[0.492s] Level 5:colcon.colcon_core.verb:set package 'ddg_multi_robot_planner' build argument 'cmake_clean_cache' from command line to 'False'
[0.492s] Level 5:colcon.colcon_core.verb:set package 'ddg_multi_robot_planner' build argument 'cmake_clean_first' from command line to 'False'
[0.492s] Level 5:colcon.colcon_core.verb:set package 'ddg_multi_robot_planner' build argument 'cmake_force_configure' from command line to 'False'
[0.492s] Level 5:colcon.colcon_core.verb:set package 'ddg_multi_robot_planner' build argument 'ament_cmake_args' from command line to 'None'
[0.492s] Level 5:colcon.colcon_core.verb:set package 'ddg_multi_robot_planner' build argument 'catkin_cmake_args' from command line to 'None'
[0.492s] Level 5:colcon.colcon_core.verb:set package 'ddg_multi_robot_planner' build argument 'catkin_skip_building_tests' from command line to 'False'
[0.492s] DEBUG:colcon.colcon_core.verb:Building package 'ddg_multi_robot_planner' with the following arguments: {'ament_cmake_args': None, 'build_base': '/home/yjt/Lego_factory/ddg_multi_robot_planner/build/ddg_multi_robot_planner', 'catkin_cmake_args': None, 'catkin_skip_building_tests': False, 'cmake_args': None, 'cmake_clean_cache': False, 'cmake_clean_first': False, 'cmake_force_configure': False, 'cmake_target': None, 'cmake_target_skip_unavailable': False, 'install_base': '/home/yjt/Lego_factory/ddg_multi_robot_planner/install/ddg_multi_robot_planner', 'merge_install': False, 'path': '/home/yjt/Lego_factory/ddg_multi_robot_planner/src', 'symlink_install': False, 'test_result_base': None}
[0.493s] INFO:colcon.colcon_core.executor:Executing jobs using 'parallel' executor
[0.500s] DEBUG:colcon.colcon_parallel_executor.executor.parallel:run_until_complete
[0.500s] INFO:colcon.colcon_ros.task.ament_cmake.build:Building ROS package in '/home/yjt/Lego_factory/ddg_multi_robot_planner/src' with build type 'ament_cmake'
[0.500s] INFO:colcon.colcon_cmake.task.cmake.build:Building CMake package in '/home/yjt/Lego_factory/ddg_multi_robot_planner/src'
[0.507s] INFO:colcon.colcon_core.plugin_system:Skipping extension 'colcon_core.shell.bat': Not used on non-Windows systems
[0.507s] INFO:colcon.colcon_core.shell:Skip shell extension 'powershell' for command environment: Not usable outside of PowerShell
[0.507s] DEBUG:colcon.colcon_core.shell:Skip shell extension 'dsv' for command environment
[0.528s] DEBUG:colcon.colcon_core.event_handler.log_command:Invoking command in '/home/yjt/Lego_factory/ddg_multi_robot_planner/build/ddg_multi_robot_planner': CMAKE_PREFIX_PATH=/home/yjt/Lego_factory/ddg_multi_robot_srvs/install/ddg_multi_robot_srvs:/opt/ros/foxy:/opt/ros/noetic CONDA_PROMPT_MODIFIER=(base) /usr/bin/cmake /home/yjt/Lego_factory/ddg_multi_robot_planner/src -DCMAKE_INSTALL_PREFIX=/home/yjt/Lego_factory/ddg_multi_robot_planner/install/ddg_multi_robot_planner
[3.754s] DEBUG:colcon.colcon_core.event_handler.log_command:Invoked command in '/home/yjt/Lego_factory/ddg_multi_robot_planner/build/ddg_multi_robot_planner' returned '0': CMAKE_PREFIX_PATH=/home/yjt/Lego_factory/ddg_multi_robot_srvs/install/ddg_multi_robot_srvs:/opt/ros/foxy:/opt/ros/noetic CONDA_PROMPT_MODIFIER=(base) /usr/bin/cmake /home/yjt/Lego_factory/ddg_multi_robot_planner/src -DCMAKE_INSTALL_PREFIX=/home/yjt/Lego_factory/ddg_multi_robot_planner/install/ddg_multi_robot_planner
[3.757s] DEBUG:colcon.colcon_core.event_handler.log_command:Invoking command in '/home/yjt/Lego_factory/ddg_multi_robot_planner/build/ddg_multi_robot_planner': CMAKE_PREFIX_PATH=/home/yjt/Lego_factory/ddg_multi_robot_srvs/install/ddg_multi_robot_srvs:/opt/ros/foxy:/opt/ros/noetic CONDA_PROMPT_MODIFIER=(base) /usr/bin/cmake --build /home/yjt/Lego_factory/ddg_multi_robot_planner/build/ddg_multi_robot_planner -- -j12 -l12
[11.108s] DEBUG:colcon.colcon_core.event_handler.log_command:Invoked command in '/home/yjt/Lego_factory/ddg_multi_robot_planner/build/ddg_multi_robot_planner' returned '2': CMAKE_PREFIX_PATH=/home/yjt/Lego_factory/ddg_multi_robot_srvs/install/ddg_multi_robot_srvs:/opt/ros/foxy:/opt/ros/noetic CONDA_PROMPT_MODIFIER=(base) /usr/bin/cmake --build /home/yjt/Lego_factory/ddg_multi_robot_planner/build/ddg_multi_robot_planner -- -j12 -l12
[11.174s] Level 1:colcon.colcon_core.environment:create_environment_scripts_only(ddg_multi_robot_planner)
[11.181s] Level 1:colcon.colcon_core.environment:checking '/home/yjt/Lego_factory/ddg_multi_robot_planner/install/ddg_multi_robot_planner' for CMake module files
[11.181s] Level 1:colcon.colcon_core.environment:checking '/home/yjt/Lego_factory/ddg_multi_robot_planner/install/ddg_multi_robot_planner' for CMake config files
[11.181s] Level 1:colcon.colcon_core.environment:checking '/home/yjt/Lego_factory/ddg_multi_robot_planner/install/ddg_multi_robot_planner/bin'
[11.181s] Level 1:colcon.colcon_core.environment:checking '/home/yjt/Lego_factory/ddg_multi_robot_planner/install/ddg_multi_robot_planner/lib/pkgconfig/ddg_multi_robot_planner.pc'
[11.182s] Level 1:colcon.colcon_core.environment:checking '/home/yjt/Lego_factory/ddg_multi_robot_planner/install/ddg_multi_robot_planner/lib/python3.8/site-packages'
[11.182s] Level 1:colcon.colcon_core.environment:checking '/home/yjt/Lego_factory/ddg_multi_robot_planner/install/ddg_multi_robot_planner/bin'
[11.184s] INFO:colcon.colcon_core.shell:Creating package script '/home/yjt/Lego_factory/ddg_multi_robot_planner/install/ddg_multi_robot_planner/share/ddg_multi_robot_planner/package.ps1'
[11.185s] INFO:colcon.colcon_core.shell:Creating package descriptor '/home/yjt/Lego_factory/ddg_multi_robot_planner/install/ddg_multi_robot_planner/share/ddg_multi_robot_planner/package.dsv'
[11.185s] INFO:colcon.colcon_core.shell:Creating package script '/home/yjt/Lego_factory/ddg_multi_robot_planner/install/ddg_multi_robot_planner/share/ddg_multi_robot_planner/package.sh'
[11.186s] INFO:colcon.colcon_core.shell:Creating package script '/home/yjt/Lego_factory/ddg_multi_robot_planner/install/ddg_multi_robot_planner/share/ddg_multi_robot_planner/package.bash'
[11.187s] INFO:colcon.colcon_core.shell:Creating package script '/home/yjt/Lego_factory/ddg_multi_robot_planner/install/ddg_multi_robot_planner/share/ddg_multi_robot_planner/package.zsh'
[11.187s] Level 1:colcon.colcon_core.environment:create_file_with_runtime_dependencies(/home/yjt/Lego_factory/ddg_multi_robot_planner/install/ddg_multi_robot_planner/share/colcon-core/packages/ddg_multi_robot_planner)
[11.198s] DEBUG:colcon.colcon_parallel_executor.executor.parallel:closing loop
[11.198s] DEBUG:colcon.colcon_parallel_executor.executor.parallel:loop closed
[11.198s] DEBUG:colcon.colcon_parallel_executor.executor.parallel:run_until_complete finished with '2'
[11.198s] DEBUG:colcon.colcon_core.event_reactor:joining thread
[11.205s] INFO:colcon.colcon_core.plugin_system:Skipping extension 'colcon_notification.desktop_notification.terminal_notifier': Not used on non-Darwin systems
[11.205s] INFO:colcon.colcon_core.plugin_system:Skipping extension 'colcon_notification.desktop_notification.win32': Not used on non-Windows systems
[11.205s] INFO:colcon.colcon_notification.desktop_notification:Sending desktop notification using 'notify2'
[11.218s] DEBUG:colcon.colcon_core.event_reactor:joined thread
[11.224s] INFO:colcon.colcon_core.shell:Creating prefix script '/home/yjt/Lego_factory/ddg_multi_robot_planner/install/local_setup.ps1'
[11.224s] INFO:colcon.colcon_core.shell:Creating prefix util module '/home/yjt/Lego_factory/ddg_multi_robot_planner/install/_local_setup_util_ps1.py'
[11.226s] INFO:colcon.colcon_core.shell:Creating prefix chain script '/home/yjt/Lego_factory/ddg_multi_robot_planner/install/setup.ps1'
[11.228s] INFO:colcon.colcon_core.shell:Creating prefix script '/home/yjt/Lego_factory/ddg_multi_robot_planner/install/local_setup.sh'
[11.228s] INFO:colcon.colcon_core.shell:Creating prefix util module '/home/yjt/Lego_factory/ddg_multi_robot_planner/install/_local_setup_util_sh.py'
[11.229s] INFO:colcon.colcon_core.shell:Creating prefix chain script '/home/yjt/Lego_factory/ddg_multi_robot_planner/install/setup.sh'
[11.231s] INFO:colcon.colcon_core.shell:Creating prefix script '/home/yjt/Lego_factory/ddg_multi_robot_planner/install/local_setup.bash'
[11.231s] INFO:colcon.colcon_core.shell:Creating prefix chain script '/home/yjt/Lego_factory/ddg_multi_robot_planner/install/setup.bash'
[11.233s] INFO:colcon.colcon_core.shell:Creating prefix script '/home/yjt/Lego_factory/ddg_multi_robot_planner/install/local_setup.zsh'
[11.233s] INFO:colcon.colcon_core.shell:Creating prefix chain script '/home/yjt/Lego_factory/ddg_multi_robot_planner/install/setup.zsh'
